Using pre-set license
Built from '2020.2/release' branch; Version is '2020.2.2f1 (068178b99f32) revision 426360'; Using compiler version '192528614'; Build Type 'Release'
OS: 'Windows 10 Enterprise; OS build 17763.914; Version 1809; 64bit' Language: 'en' Physical Memory: 16212 MB
BatchMode: 1, IsHumanControllingUs: 0, StartBugReporterOnCrash: 0, Is64bit: 1, IsPro: 0

 COMMAND LINE ARGUMENTS:
C:\Program Files\Unity\Hub\Editor\2020.2.2f1\Editor\Unity.exe
-adb2
-batchMode
-noUpm
-name
AssetImportWorker0
-projectPath
C:/Users/jpearson1/Documents/GitHub/Project-Jackfruit/Project Jackfruit/Project Jackfruit
-logFile
Logs/AssetImportWorker0.log
-srvPort
56407
Successfully changed project path to: C:/Users/jpearson1/Documents/GitHub/Project-Jackfruit/Project Jackfruit/Project Jackfruit
C:/Users/jpearson1/Documents/GitHub/Project-Jackfruit/Project Jackfruit/Project Jackfruit
Using Asset Import Pipeline V2.
Refreshing native plugins compatible for Editor in 41.65 ms, found 0 plugins.
Preloading 0 native plugins for Editor in 0.00 ms.
Initialize engine version: 2020.2.2f1 (068178b99f32)
[Subsystems] Discovering subsystems at path C:/Program Files/Unity/Hub/Editor/2020.2.2f1/Editor/Data/Resources/UnitySubsystems
[Subsystems] Discovering subsystems at path C:/Users/jpearson1/Documents/GitHub/Project-Jackfruit/Project Jackfruit/Project Jackfruit/Assets
GfxDevice: creating device client; threaded=0
Direct3D:
    Version:  Direct3D 11.0 [level 11.1]
    Renderer: Intel(R) UHD Graphics 620 (ID=0x5917)
    Vendor:   
    VRAM:     8106 MB
    Driver:   24.20.100.6290
Initialize mono
Mono path[0] = 'C:/Program Files/Unity/Hub/Editor/2020.2.2f1/Editor/Data/Managed'
Mono path[1] = 'C:/Program Files/Unity/Hub/Editor/2020.2.2f1/Editor/Data/MonoBleedingEdge/lib/mono/unityjit'
Mono config path = 'C:/Program Files/Unity/Hub/Editor/2020.2.2f1/Editor/Data/MonoBleedingEdge/etc'
Using monoOptions --debugger-agent=transport=dt_socket,embedding=1,server=y,suspend=n,address=127.0.0.1:56496
Begin MonoManager ReloadAssembly
Registering precompiled unity dll's ...
Register platform support module: C:/Program Files/Unity/Hub/Editor/2020.2.2f1/Editor/Data/PlaybackEngines/WindowsStandaloneSupport/UnityEditor.WindowsStandalone.Extensions.dll
Registered in 0.004520 seconds.
Native extension for WindowsStandalone target not found
Refreshing native plugins compatible for Editor in 57.47 ms, found 0 plugins.
Preloading 0 native plugins for Editor in 0.00 ms.
Invoked RoslynAnalysisRunner static constructor.
RoslynAnalysisRunner will not be running.
RoslynAnalysisRunner has terminated.
Mono: successfully reloaded assembly
- Completed reload, in  3.077 seconds
Platform modules already initialized, skipping
Registering precompiled user dll's ...
Registered in 0.002117 seconds.
Begin MonoManager ReloadAssembly
Native extension for WindowsStandalone target not found
Refreshing native plugins compatible for Editor in 0.56 ms, found 0 plugins.
Preloading 0 native plugins for Editor in 0.00 ms.
Invoked RoslynAnalysisRunner static constructor.
RoslynAnalysisRunner will not be running.
RoslynAnalysisRunner has terminated.
Mono: successfully reloaded assembly
- Completed reload, in  1.716 seconds
Platform modules already initialized, skipping
========================================================================
Worker process is ready to serve import requests
Launched and connected shader compiler UnityShaderCompiler.exe after 0.19 seconds
Refreshing native plugins compatible for Editor in 0.48 ms, found 0 plugins.
Preloading 0 native plugins for Editor in 0.00 ms.
Unloading 1100 Unused Serialized files (Serialized files now loaded: 0)
System memory in use before: 56.8 MB.
System memory in use after: 56.9 MB.

Unloading 9 unused Assets to reduce memory usage. Loaded Objects now: 1542.
Total: 3.697100 ms (FindLiveObjects: 0.316600 ms CreateObjectMapping: 0.080300 ms MarkObjects: 3.168700 ms  DeleteObjects: 0.129000 ms)

========================================================================
Received Import Request.
  path: Assets/Scenes/Game Scene.unity
  artifactKey: Guid(9bfcfce7ef34adf469f28eb86d58ebc1) Importer(815301076,1909f56bfc062723c751e8b465ee728b)
Start importing Assets/Scenes/Game Scene.unity using Guid(9bfcfce7ef34adf469f28eb86d58ebc1) Importer(815301076,1909f56bfc062723c751e8b465ee728b)  -> (artifact id: '517c34e72c58f5efcd869b8a595d0026') in 0.032667 seconds
  Import took 0.037177 seconds .

========================================================================
Received Import Request.
  Time since last request: 0.000476 seconds.
  path: Assets/Scenes
  artifactKey: Guid(91875b4dce0aa3f4d997cbf683e0f3e1) Importer(815301076,1909f56bfc062723c751e8b465ee728b)
Start importing Assets/Scenes using Guid(91875b4dce0aa3f4d997cbf683e0f3e1) Importer(815301076,1909f56bfc062723c751e8b465ee728b)  -> (artifact id: '70521552ecc9c9f6182164c48f97525b') in 0.014528 seconds
  Import took 0.018184 seconds .

========================================================================
Received Import Request.
  Time since last request: 9.517677 seconds.
  path: Assets/Scripts
  artifactKey: Guid(1623a32f4f6004c458b1b56bce92add6) Importer(815301076,1909f56bfc062723c751e8b465ee728b)
Start importing Assets/Scripts using Guid(1623a32f4f6004c458b1b56bce92add6) Importer(815301076,1909f56bfc062723c751e8b465ee728b)  -> (artifact id: 'bbd60c7a55984dcdc5d13cf81e7be3ad') in 0.009626 seconds
  Import took 0.013072 seconds .

========================================================================
Received Import Request.
  Time since last request: 1.084411 seconds.
  path: Assets/Scripts/PlayerMovement.cs
  artifactKey: Guid(df9b4fcf0a0fad24f93b3bfd07039f48) Importer(815301076,1909f56bfc062723c751e8b465ee728b)
Start importing Assets/Scripts/PlayerMovement.cs using Guid(df9b4fcf0a0fad24f93b3bfd07039f48) Importer(815301076,1909f56bfc062723c751e8b465ee728b)  -> (artifact id: '463a6749277641e1d99912a2bdef63ae') in 0.060744 seconds
  Import took 0.063552 seconds .

AssetImportWorkerClient::OnTransportError - code=2 error=End of file
